build/app/intermediates/manifest_merge_blame_file/release/manifest-merger-blame-release-report.txt
1<?xml version="1.0" encoding="utf-8"?>
2<manifest xmlns:android="http://schemas.android.com/apk/res/android"
3    package="com.sendbird.flutter_example"
4    android:versionCode="1"
5    android:versionName="1.0.0" >
6
7    <uses-sdk
8        android:minSdkVersion="19"
8-->src/main/AndroidManifest.xml
9        android:targetSdkVersion="30" />
9-->src/main/AndroidManifest.xml
10
11    <uses-permission android:name="android.permission.INTERNET" />
11-->src/main/AndroidManifest.xml:3:5-66
11-->src/main/AndroidManifest.xml:3:22-64
12    <uses-permission android:name="android.permission.ACCESS_NETWORK_STATE" />
12-->src/main/AndroidManifest.xml:4:5-78
12-->src/main/AndroidManifest.xml:4:22-76
13    <uses-permission android:name="android.permission.ACCESS_WIFI_STATE" />
13-->src/main/AndroidManifest.xml:5:5-75
13-->src/main/AndroidManifest.xml:5:22-73
14    <uses-permission android:name="android.permission.WAKE_LOCK" />
14-->[:firebase_messaging] AndroidManifest.xml:8:5-68
14-->[:firebase_messaging] AndroidManifest.xml:8:22-65
15    <uses-permission android:name="android.permission.RECEIVE_BOOT_COMPLETED" />
15-->[:flutter_local_notifications] AndroidManifest.xml:7:5-81
15-->[:flutter_local_notifications] AndroidManifest.xml:7:22-78
16    <uses-permission android:name="android.permission.VIBRATE" />
16-->[:flutter_local_notifications] AndroidManifest.xml:8:5-66
16-->[:flutter_local_notifications] AndroidManifest.xml:8:22-63
17    <uses-permission android:name="android.permission.USE_FULL_SCREEN_INTENT" />
17-->[:flutter_local_notifications] AndroidManifest.xml:9:5-81
17-->[:flutter_local_notifications] AndroidManifest.xml:9:22-78
18    <uses-permission android:name="android.permission.SCHEDULE_EXACT_ALARM" /> <!-- Required by older versions of Google Play services to create IID tokens -->
18-->[:flutter_local_notifications] AndroidManifest.xml:10:5-79
18-->[:flutter_local_notifications] AndroidManifest.xml:10:22-76
19    <uses-permission android:name="com.google.android.c2dm.permission.RECEIVE" />
19-->[com.google.firebase:firebase-messaging:23.0.0] AndroidManifest.xml:25:5-82
19-->[com.google.firebase:firebase-messaging:23.0.0] AndroidManifest.xml:25:22-79
20    <!--
21 io.flutter.app.FlutterApplication is an android.app.Application that
22         calls FlutterMain.startInitialization(this); in its onCreate method.
23         In most cases you can leave this as-is, but you if you want to provide
24         additional functionality it is fine to subclass or reimplement
25         FlutterApplication and put your custom class here.
26    -->
27    <application
28        android:name="android.app.Application"
28-->src/main/AndroidManifest.xml:12:9-42
29        android:appComponentFactory="androidx.core.app.CoreComponentFactory"
29-->[androidx.core:core:1.6.0] AndroidManifest.xml:24:18-86
30        android:icon="@mipmap/ic_launcher"
30-->src/main/AndroidManifest.xml:14:9-43
31        android:label="sendbird_flutter" >
31-->src/main/AndroidManifest.xml:13:9-41
32        <activity
32-->src/main/AndroidManifest.xml:15:9-43:20
33            android:name="com.sendbird.flutter_example.MainActivity"
33-->src/main/AndroidManifest.xml:16:13-41
34            android:configChanges="orientation|keyboardHidden|keyboard|screenSize|smallestScreenSize|locale|layoutDirection|fontScale|screenLayout|density|uiMode"
34-->src/main/AndroidManifest.xml:19:13-163
35            android:hardwareAccelerated="true"
35-->src/main/AndroidManifest.xml:20:13-47
36            android:launchMode="singleTop"
36-->src/main/AndroidManifest.xml:17:13-43
37            android:theme="@style/LaunchTheme"
37-->src/main/AndroidManifest.xml:18:13-47
38            android:windowSoftInputMode="adjustResize" >
38-->src/main/AndroidManifest.xml:21:13-55
39
40            <!--
41                 Specifies an Android theme to apply to this Activity as soon as
42                 the Android process has started. This theme is visible to the user
43                 while the Flutter UI initializes. After that, this theme continues
44                 to determine the Window background behind the Flutter UI.
45            -->
46            <meta-data
46-->src/main/AndroidManifest.xml:26:13-29:17
47                android:name="io.flutter.embedding.android.NormalTheme"
47-->src/main/AndroidManifest.xml:27:15-70
48                android:resource="@style/NormalTheme" />
48-->src/main/AndroidManifest.xml:28:15-52
49            <!--
50                 Displays an Android View that continues showing the launch screen
51                 Drawable until Flutter paints its first frame, then this splash
52                 screen fades out. A splash screen is useful to avoid any visual
53                 gap between the end of Android's launch screen and the painting of
54                 Flutter's first frame.
55            -->
56            <meta-data
56-->src/main/AndroidManifest.xml:35:13-38:17
57                android:name="io.flutter.embedding.android.SplashScreenDrawable"
57-->src/main/AndroidManifest.xml:36:15-79
58                android:resource="@drawable/launch_background" />
58-->src/main/AndroidManifest.xml:37:15-61
59
60            <intent-filter>
60-->src/main/AndroidManifest.xml:39:13-42:29
61                <action android:name="android.intent.action.MAIN" />
61-->src/main/AndroidManifest.xml:40:17-68
61-->src/main/AndroidManifest.xml:40:25-66
62
63                <category android:name="android.intent.category.LAUNCHER" />
63-->src/main/AndroidManifest.xml:41:17-76
63-->src/main/AndroidManifest.xml:41:27-74
64            </intent-filter>
65        </activity>
66        <!--
67             Don't delete the meta-data below. b
68             This is used by the Flutter tool to generate GeneratedPluginRegistrant.java
69        -->
70        <meta-data
70-->src/main/AndroidManifest.xml:46:9-48:33
71            android:name="flutterEmbedding"
71-->src/main/AndroidManifest.xml:47:13-44
72            android:value="2" />
72-->src/main/AndroidManifest.xml:48:13-30
73
74        <service
74-->[:firebase_messaging] AndroidManifest.xml:12:9-15:72
75            android:name="io.flutter.plugins.firebase.messaging.FlutterFirebaseMessagingBackgroundService"
75-->[:firebase_messaging] AndroidManifest.xml:13:13-107
76            android:exported="false"
76-->[:firebase_messaging] AndroidManifest.xml:14:13-37
77            android:permission="android.permission.BIND_JOB_SERVICE" />
77-->[:firebase_messaging] AndroidManifest.xml:15:13-69
78        <service
78-->[:firebase_messaging] AndroidManifest.xml:16:9-22:19
79            android:name="io.flutter.plugins.firebase.messaging.FlutterFirebaseMessagingService"
79-->[:firebase_messaging] AndroidManifest.xml:17:13-97
80            android:exported="false" >
80-->[:firebase_messaging] AndroidManifest.xml:18:13-37
81            <intent-filter>
81-->[:firebase_messaging] AndroidManifest.xml:19:13-21:29
82                <action android:name="com.google.firebase.MESSAGING_EVENT" />
82-->[:firebase_messaging] AndroidManifest.xml:20:17-78
82-->[:firebase_messaging] AndroidManifest.xml:20:25-75
83            </intent-filter>
84        </service>
85
86        <receiver
86-->[:firebase_messaging] AndroidManifest.xml:24:9-31:20
87            android:name="io.flutter.plugins.firebase.messaging.FlutterFirebaseMessagingReceiver"
87-->[:firebase_messaging] AndroidManifest.xml:25:13-98
88            android:exported="true"
88-->[:firebase_messaging] AndroidManifest.xml:26:13-36
89            android:permission="com.google.android.c2dm.permission.SEND" >
89-->[:firebase_messaging] AndroidManifest.xml:27:13-73
90            <intent-filter>
90-->[:firebase_messaging] AndroidManifest.xml:28:13-30:29
91                <action android:name="com.google.android.c2dm.intent.RECEIVE" />
91-->[:firebase_messaging] AndroidManifest.xml:29:17-81
91-->[:firebase_messaging] AndroidManifest.xml:29:25-78
92            </intent-filter>
93        </receiver>
94
95        <service
95-->[:firebase_messaging] AndroidManifest.xml:33:9-37:19
96            android:name="com.google.firebase.components.ComponentDiscoveryService"
96-->[:firebase_messaging] AndroidManifest.xml:33:18-89
97            android:directBootAware="true"
97-->[com.google.firebase:firebase-common:20.0.0] AndroidManifest.xml:35:13-43
98            android:exported="false" >
98-->[com.google.firebase:firebase-messaging:23.0.0] AndroidManifest.xml:51:13-37
99            <meta-data
99-->[:firebase_messaging] AndroidManifest.xml:34:13-36:85
100                android:name="com.google.firebase.components:io.flutter.plugins.firebase.messaging.FlutterFirebaseAppRegistrar"
100-->[:firebase_messaging] AndroidManifest.xml:35:17-128
101                android:value="com.google.firebase.components.ComponentRegistrar" />
101-->[:firebase_messaging] AndroidManifest.xml:36:17-82
102            <meta-data
102-->[:firebase_core] AndroidManifest.xml:9:13-11:85
103                android:name="com.google.firebase.components:io.flutter.plugins.firebase.core.FlutterFirebaseCoreRegistrar"
103-->[:firebase_core] AndroidManifest.xml:10:17-124
104                android:value="com.google.firebase.components.ComponentRegistrar" />
104-->[:firebase_core] AndroidManifest.xml:11:17-82
105            <meta-data
105-->[com.google.firebase:firebase-messaging:23.0.0] AndroidManifest.xml:52:13-54:85
106                android:name="com.google.firebase.components:com.google.firebase.messaging.FirebaseMessagingRegistrar"
106-->[com.google.firebase:firebase-messaging:23.0.0] AndroidManifest.xml:53:17-119
107                android:value="com.google.firebase.components.ComponentRegistrar" />
107-->[com.google.firebase:firebase-messaging:23.0.0] AndroidManifest.xml:54:17-82
108            <meta-data
108-->[com.google.firebase:firebase-datatransport:18.0.0] AndroidManifest.xml:28:13-30:85
109                android:name="com.google.firebase.components:com.google.firebase.datatransport.TransportRegistrar"
109-->[com.google.firebase:firebase-datatransport:18.0.0] AndroidManifest.xml:29:17-115
110                android:value="com.google.firebase.components.ComponentRegistrar" />
110-->[com.google.firebase:firebase-datatransport:18.0.0] AndroidManifest.xml:30:17-82
111            <meta-data
111-->[com.google.firebase:firebase-installations:17.0.0] AndroidManifest.xml:18:13-20:85
112                android:name="com.google.firebase.components:com.google.firebase.installations.FirebaseInstallationsRegistrar"
112-->[com.google.firebase:firebase-installations:17.0.0] AndroidManifest.xml:19:17-127
113                android:value="com.google.firebase.components.ComponentRegistrar" />
113-->[com.google.firebase:firebase-installations:17.0.0] AndroidManifest.xml:20:17-82
114        </service>
115
116        <provider
116-->[:firebase_messaging] AndroidManifest.xml:39:9-43:38
117            android:name="io.flutter.plugins.firebase.messaging.FlutterFirebaseMessagingInitProvider"
117-->[:firebase_messaging] AndroidManifest.xml:40:13-102
118            android:authorities="com.sendbird.flutter_example.flutterfirebasemessaginginitprovider"
118-->[:firebase_messaging] AndroidManifest.xml:41:13-88
119            android:exported="false"
119-->[:firebase_messaging] AndroidManifest.xml:42:13-37
120            android:initOrder="99" />
120-->[:firebase_messaging] AndroidManifest.xml:43:13-35
121        <provider
121-->[:image_picker] AndroidManifest.xml:8:9-16:20
122            android:name="io.flutter.plugins.imagepicker.ImagePickerFileProvider"
122-->[:image_picker] AndroidManifest.xml:9:13-82
123            android:authorities="com.sendbird.flutter_example.flutter.image_provider"
123-->[:image_picker] AndroidManifest.xml:10:13-74
124            android:exported="false"
124-->[:image_picker] AndroidManifest.xml:11:13-37
125            android:grantUriPermissions="true" >
125-->[:image_picker] AndroidManifest.xml:12:13-47
126            <meta-data
126-->[:image_picker] AndroidManifest.xml:13:13-15:75
127                android:name="android.support.FILE_PROVIDER_PATHS"
127-->[:image_picker] AndroidManifest.xml:14:17-67
128                android:resource="@xml/flutter_image_picker_file_paths" />
128-->[:image_picker] AndroidManifest.xml:15:17-72
129        </provider>
130
131        <receiver
131-->[:flutter_local_notifications] AndroidManifest.xml:13:9-15:40
132            android:name="com.dexterous.flutterlocalnotifications.ScheduledNotificationReceiver"
132-->[:flutter_local_notifications] AndroidManifest.xml:14:13-97
133            android:exported="false" />
133-->[:flutter_local_notifications] AndroidManifest.xml:15:13-37
134        <receiver
134-->[:flutter_local_notifications] AndroidManifest.xml:16:9-25:20
135            android:name="com.dexterous.flutterlocalnotifications.ScheduledNotificationBootReceiver"
135-->[:flutter_local_notifications] AndroidManifest.xml:17:13-101
136            android:exported="false" >
136-->[:flutter_local_notifications] AndroidManifest.xml:18:13-37
137            <intent-filter>
137-->[:flutter_local_notifications] AndroidManifest.xml:19:13-24:29
138                <action android:name="android.intent.action.BOOT_COMPLETED" />
138-->[:flutter_local_notifications] AndroidManifest.xml:20:17-79
138-->[:flutter_local_notifications] AndroidManifest.xml:20:25-76
139                <action android:name="android.intent.action.MY_PACKAGE_REPLACED" />
139-->[:flutter_local_notifications] AndroidManifest.xml:21:17-84
139-->[:flutter_local_notifications] AndroidManifest.xml:21:25-81
140                <action android:name="android.intent.action.QUICKBOOT_POWERON" />
140-->[:flutter_local_notifications] AndroidManifest.xml:22:17-82
140-->[:flutter_local_notifications] AndroidManifest.xml:22:25-79
141                <action android:name="com.htc.intent.action.QUICKBOOT_POWERON" />
141-->[:flutter_local_notifications] AndroidManifest.xml:23:17-82
141-->[:flutter_local_notifications] AndroidManifest.xml:23:25-79
142            </intent-filter>
143        </receiver>
144
145        <uses-library
145-->[androidx.window:window:1.0.0-beta04] AndroidManifest.xml:25:9-27:40
146            android:name="androidx.window.extensions"
146-->[androidx.window:window:1.0.0-beta04] AndroidManifest.xml:26:13-54
147            android:required="false" />
147-->[androidx.window:window:1.0.0-beta04] AndroidManifest.xml:27:13-37
148        <uses-library
148-->[androidx.window:window:1.0.0-beta04] AndroidManifest.xml:28:9-30:40
149            android:name="androidx.window.sidecar"
149-->[androidx.window:window:1.0.0-beta04] AndroidManifest.xml:29:13-51
150            android:required="false" />
150-->[androidx.window:window:1.0.0-beta04] AndroidManifest.xml:30:13-37
151
152        <receiver
152-->[com.google.firebase:firebase-messaging:23.0.0] AndroidManifest.xml:28:9-35:20
153            android:name="com.google.firebase.iid.FirebaseInstanceIdReceiver"
153-->[com.google.firebase:firebase-messaging:23.0.0] AndroidManifest.xml:29:13-78
154            android:exported="true"
154-->[com.google.firebase:firebase-messaging:23.0.0] AndroidManifest.xml:30:13-36
155            android:permission="com.google.android.c2dm.permission.SEND" >
155-->[com.google.firebase:firebase-messaging:23.0.0] AndroidManifest.xml:31:13-73
156            <intent-filter>
156-->[:firebase_messaging] AndroidManifest.xml:28:13-30:29
157                <action android:name="com.google.android.c2dm.intent.RECEIVE" />
157-->[:firebase_messaging] AndroidManifest.xml:29:17-81
157-->[:firebase_messaging] AndroidManifest.xml:29:25-78
158            </intent-filter>
159        </receiver>
160        <!--
161             FirebaseMessagingService performs security checks at runtime,
162             but set to not exported to explicitly avoid allowing another app to call it.
163        -->
164        <service
164-->[com.google.firebase:firebase-messaging:23.0.0] AndroidManifest.xml:41:9-48:19
165            android:name="com.google.firebase.messaging.FirebaseMessagingService"
165-->[com.google.firebase:firebase-messaging:23.0.0] AndroidManifest.xml:42:13-82
166            android:directBootAware="true"
166-->[com.google.firebase:firebase-messaging:23.0.0] AndroidManifest.xml:43:13-43
167            android:exported="false" >
167-->[com.google.firebase:firebase-messaging:23.0.0] AndroidManifest.xml:44:13-37
168            <intent-filter android:priority="-500" >
168-->[:firebase_messaging] AndroidManifest.xml:19:13-21:29
169                <action android:name="com.google.firebase.MESSAGING_EVENT" />
169-->[:firebase_messaging] AndroidManifest.xml:20:17-78
169-->[:firebase_messaging] AndroidManifest.xml:20:25-75
170            </intent-filter>
171        </service>
172
173        <provider
173-->[com.google.firebase:firebase-common:20.0.0] AndroidManifest.xml:26:9-31:39
174            android:name="com.google.firebase.provider.FirebaseInitProvider"
174-->[com.google.firebase:firebase-common:20.0.0] AndroidManifest.xml:27:13-77
175            android:authorities="com.sendbird.flutter_example.firebaseinitprovider"
175-->[com.google.firebase:firebase-common:20.0.0] AndroidManifest.xml:28:13-72
176            android:directBootAware="true"
176-->[com.google.firebase:firebase-common:20.0.0] AndroidManifest.xml:29:13-43
177            android:exported="false"
177-->[com.google.firebase:firebase-common:20.0.0] AndroidManifest.xml:30:13-37
178            android:initOrder="100" />
178-->[com.google.firebase:firebase-common:20.0.0] AndroidManifest.xml:31:13-36
179
180        <meta-data
180-->[com.google.android.gms:play-services-basement:17.0.0] AndroidManifest.xml:23:9-25:69
181            android:name="com.google.android.gms.version"
181-->[com.google.android.gms:play-services-basement:17.0.0] AndroidManifest.xml:24:13-58
182            android:value="@integer/google_play_services_version" />
182-->[com.google.android.gms:play-services-basement:17.0.0] AndroidManifest.xml:25:13-66
183
184        <service
184-->[com.google.android.datatransport:transport-backend-cct:3.0.0] AndroidManifest.xml:29:9-35:19
185            android:name="com.google.android.datatransport.runtime.backends.TransportBackendDiscovery"
185-->[com.google.android.datatransport:transport-backend-cct:3.0.0] AndroidManifest.xml:30:13-103
186            android:exported="false" >
186-->[com.google.android.datatransport:transport-backend-cct:3.0.0] AndroidManifest.xml:31:13-37
187            <meta-data
187-->[com.google.android.datatransport:transport-backend-cct:3.0.0] AndroidManifest.xml:32:13-34:39
188                android:name="backend:com.google.android.datatransport.cct.CctBackendFactory"
188-->[com.google.android.datatransport:transport-backend-cct:3.0.0] AndroidManifest.xml:33:17-94
189                android:value="cct" />
189-->[com.google.android.datatransport:transport-backend-cct:3.0.0] AndroidManifest.xml:34:17-36
190        </service>
191        <service
191-->[com.google.android.datatransport:transport-runtime:3.0.0] AndroidManifest.xml:26:9-30:19
192            android:name="com.google.android.datatransport.runtime.scheduling.jobscheduling.JobInfoSchedulerService"
192-->[com.google.android.datatransport:transport-runtime:3.0.0] AndroidManifest.xml:27:13-117
193            android:exported="false"
193-->[com.google.android.datatransport:transport-runtime:3.0.0] AndroidManifest.xml:28:13-37
194            android:permission="android.permission.BIND_JOB_SERVICE" >
194-->[com.google.android.datatransport:transport-runtime:3.0.0] AndroidManifest.xml:29:13-69
195        </service>
196
197        <receiver
197-->[com.google.android.datatransport:transport-runtime:3.0.0] AndroidManifest.xml:32:9-34:40
198            android:name="com.google.android.datatransport.runtime.scheduling.jobscheduling.AlarmManagerSchedulerBroadcastReceiver"
198-->[com.google.android.datatransport:transport-runtime:3.0.0] AndroidManifest.xml:33:13-132
199            android:exported="false" />
199-->[com.google.android.datatransport:transport-runtime:3.0.0] AndroidManifest.xml:34:13-37
200    </application>
201
202</manifest>